# JRE version: OpenJDK Runtime Environment (11.0.11+9) (build 11.0.11+9-b60-7590822)
# Java VM: OpenJDK 64-Bit Server VM (11.0.11+9-b60-7590822, mixed mode, tiered, compressed oops, g1 gc, windows-amd64)
Heap:
 garbage-first heap   total 196608K, used 21454K [0x0000000080000000, 0x0000000100000000)
  region size 1024K, 7 young (7168K), 4 survivors (4096K)
 Metaspace       used 28061K, capacity 28695K, committed 28800K, reserved 1075200K
  class space    used 3709K, capacity 3943K, committed 3968K, reserved 1048576K
GC Heap History (10 events):
Event: 117.512 GC heap before
{Heap before GC invocations=0 (full 0):
 garbage-first heap   total 196608K, used 29696K [0x0000000080000000, 0x0000000100000000)
  region size 1024K, 24 young (24576K), 0 survivors (0K)
 Metaspace       used 10268K, capacity 10487K, committed 10624K, reserved 1058816K
  class space    used 1073K, capacity 1141K, committed 1152K, reserved 1048576K
}
Event: 117.667 GC heap after
{Heap after GC invocations=1 (full 0):
 garbage-first heap   total 196608K, used 9236K [0x0000000080000000, 0x0000000100000000)
  region size 1024K, 3 young (3072K), 3 survivors (3072K)
 Metaspace       used 10268K, capacity 10487K, committed 10624K, reserved 1058816K
  class space    used 1073K, capacity 1141K, committed 1152K, reserved 1048576K
}
Event: 165.704 GC heap before
{Heap before GC invocations=1 (full 0):
 garbage-first heap   total 196608K, used 31764K [0x0000000080000000, 0x0000000100000000)
  region size 1024K, 25 young (25600K), 3 survivors (3072K)
 Metaspace       used 11212K, capacity 11442K, committed 11520K, reserved 1058816K
  class space    used 1174K, capacity 1246K, committed 1280K, reserved 1048576K
}
Event: 165.708 GC heap after
{Heap after GC invocations=2 (full 0):
 garbage-first heap   total 196608K, used 9810K [0x0000000080000000, 0x0000000100000000)
  region size 1024K, 1 young (1024K), 1 survivors (1024K)
 Metaspace       used 11212K, capacity 11442K, committed 11520K, reserved 1058816K
  class space    used 1174K, capacity 1246K, committed 1280K, reserved 1048576K
}
Event: 254.673 GC heap before
{Heap before GC invocations=2 (full 0):
 garbage-first heap   total 196608K, used 63058K [0x0000000080000000, 0x0000000100000000)
  region size 1024K, 53 young (54272K), 1 survivors (1024K)
 Metaspace       used 18018K, capacity 18350K, committed 18432K, reserved 1064960K
  class space    used 2143K, capacity 2253K, committed 2304K, reserved 1048576K
}
Event: 254.777 GC heap after
{Heap after GC invocations=3 (full 0):
 garbage-first heap   total 196608K, used 16045K [0x0000000080000000, 0x0000000100000000)
  region size 1024K, 7 young (7168K), 7 survivors (7168K)
 Metaspace       used 18018K, capacity 18350K, committed 18432K, reserved 1064960K
  class space    used 2143K, capacity 2253K, committed 2304K, reserved 1048576K
}
Event: 255.647 GC heap before
{Heap before GC invocations=3 (full 0):
 garbage-first heap   total 196608K, used 37549K [0x0000000080000000, 0x0000000100000000)
  region size 1024K, 29 young (29696K), 7 survivors (7168K)
 Metaspace       used 20729K, capacity 21109K, committed 21296K, reserved 1069056K
  class space    used 2532K, capacity 2661K, committed 2688K, reserved 1048576K
}
Event: 255.660 GC heap after
{Heap after GC invocations=4 (full 0):
 garbage-first heap   total 196608K, used 16814K [0x0000000080000000, 0x0000000100000000)
  region size 1024K, 1 young (1024K), 1 survivors (1024K)
 Metaspace       used 20729K, capacity 21109K, committed 21296K, reserved 1069056K
  class space    used 2532K, capacity 2661K, committed 2688K, reserved 1048576K
}
Event: 258.608 GC heap before
{Heap before GC invocations=5 (full 0):
 garbage-first heap   total 196608K, used 89518K [0x0000000080000000, 0x0000000100000000)
  region size 1024K, 73 young (74752K), 1 survivors (1024K)
 Metaspace       used 27866K, capacity 28463K, committed 28544K, reserved 1073152K
  class space    used 3678K, capacity 3908K, committed 3968K, reserved 1048576K
}
Event: 258.624 GC heap after
{Heap after GC invocations=6 (full 0):
 garbage-first heap   total 196608K, used 19406K [0x0000000080000000, 0x0000000100000000)
  region size 1024K, 4 young (4096K), 4 survivors (4096K)
 Metaspace       used 27866K, capacity 28463K, committed 28544K, reserved 1073152K
  class space    used 3678K, capacity 3908K, committed 3968K, reserved 1048576K
}

